<?xml version="1.0" encoding="UTF-8"?>
<testsuite xmlns:xsi="http://www.w3.org/2001/XMLSchema-instance" xsi:noNamespaceSchemaLocation="https://maven.apache.org/surefire/maven-surefire-plugin/xsd/surefire-test-report.xsd" name="revisions.codenlp.AppTest" time="0.053" tests="1" errors="0" skipped="0" failures="0">
  <properties>
    <property name="gopherProxySet" value="false"/>
    <property name="awt.toolkit" value="sun.lwawt.macosx.LWCToolkit"/>
    <property name="file.encoding.pkg" value="sun.io"/>
    <property name="java.specification.version" value="1.8"/>
    <property name="sun.cpu.isalist" value=""/>
    <property name="sun.jnu.encoding" value="UTF-8"/>
    <property name="java.class.path" value="/Users/caseycas/eclipse-workspace/CodeNLP/target/test-classes:/Users/caseycas/eclipse-workspace/CodeNLP/target/classes:/Users/caseycas/.m2/repository/junit/junit/4.12/junit-4.12.jar:/Users/caseycas/.m2/repository/org/hamcrest/hamcrest-core/1.3/hamcrest-core-1.3.jar:/Users/caseycas/.m2/repository/commons-io/commons-io/1.3.2/commons-io-1.3.2.jar:/Users/caseycas/.m2/repository/org/apache/commons/commons-text/1.3/commons-text-1.3.jar:/Users/caseycas/.m2/repository/org/apache/commons/commons-lang3/3.7/commons-lang3-3.7.jar:/Users/caseycas/.m2/repository/org/apache/commons/commons-csv/1.5/commons-csv-1.5.jar:/Users/caseycas/.m2/repository/SLP/SLP_Core/0.3/SLP_Core-0.3.jar:/Users/caseycas/.m2/repository/org/eclipse/jdt/org.eclipse.jdt.core/3.13.102/org.eclipse.jdt.core-3.13.102.jar:/Users/caseycas/.m2/repository/org/eclipse/platform/org.eclipse.core.resources/3.12.0/org.eclipse.core.resources-3.12.0.jar:/Users/caseycas/.m2/repository/org/eclipse/platform/org.eclipse.core.expressions/3.6.0/org.eclipse.core.expressions-3.6.0.jar:/Users/caseycas/.m2/repository/org/eclipse/platform/org.eclipse.core.runtime/3.13.0/org.eclipse.core.runtime-3.13.0.jar:/Users/caseycas/.m2/repository/org/eclipse/platform/org.eclipse.osgi/3.12.100/org.eclipse.osgi-3.12.100.jar:/Users/caseycas/.m2/repository/org/eclipse/platform/org.eclipse.equinox.common/3.9.0/org.eclipse.equinox.common-3.9.0.jar:/Users/caseycas/.m2/repository/org/eclipse/platform/org.eclipse.core.jobs/3.9.3/org.eclipse.core.jobs-3.9.3.jar:/Users/caseycas/.m2/repository/org/eclipse/platform/org.eclipse.equinox.registry/3.7.0/org.eclipse.equinox.registry-3.7.0.jar:/Users/caseycas/.m2/repository/org/eclipse/platform/org.eclipse.equinox.preferences/3.7.0/org.eclipse.equinox.preferences-3.7.0.jar:/Users/caseycas/.m2/repository/org/eclipse/platform/org.eclipse.core.contenttype/3.6.0/org.eclipse.core.contenttype-3.6.0.jar:/Users/caseycas/.m2/repository/org/eclipse/platform/org.eclipse.equinox.app/1.3.400/org.eclipse.equinox.app-1.3.400.jar:/Users/caseycas/.m2/repository/org/eclipse/platform/org.eclipse.core.filesystem/1.7.0/org.eclipse.core.filesystem-1.7.0.jar:/Users/caseycas/.m2/repository/org/eclipse/platform/org.eclipse.text/3.6.100/org.eclipse.text-3.6.100.jar:/Users/caseycas/.m2/repository/org/eclipse/platform/org.eclipse.core.commands/3.9.0/org.eclipse.core.commands-3.9.0.jar:/Users/caseycas/.m2/repository/org/jboss/marshalling/jboss-marshalling-river/1.4.11.Final/jboss-marshalling-river-1.4.11.Final.jar:/Users/caseycas/.m2/repository/org/jboss/marshalling/jboss-marshalling/1.4.11.Final/jboss-marshalling-1.4.11.Final.jar:/Users/caseycas/.m2/repository/it/unimi/dsi/fastutil/7.2.0/fastutil-7.2.0.jar:"/>
    <property name="java.vm.vendor" value="Oracle Corporation"/>
    <property name="sun.arch.data.model" value="64"/>
    <property name="java.vendor.url" value="http://java.oracle.com/"/>
    <property name="user.timezone" value=""/>
    <property name="java.vm.specification.version" value="1.8"/>
    <property name="os.name" value="Mac OS X"/>
    <property name="user.country" value="US"/>
    <property name="sun.java.launcher" value="SUN_STANDARD"/>
    <property name="sun.boot.library.path" value="/Library/Java/JavaVirtualMachines/jdk1.8.0_92.jdk/Contents/Home/jre/lib"/>
    <property name="sun.java.command" value="/Users/caseycas/eclipse-workspace/CodeNLP/target/surefire/surefirebooter443437541666347939.jar /Users/caseycas/eclipse-workspace/CodeNLP/target/surefire 2018-05-31T10-21-29_911-jvmRun1 surefire603165756476763786tmp surefire_0879683809075440836tmp"/>
    <property name="http.nonProxyHosts" value="local|*.local|169.254/16|*.169.254/16"/>
    <property name="surefire.test.class.path" value="/Users/caseycas/eclipse-workspace/CodeNLP/target/test-classes:/Users/caseycas/eclipse-workspace/CodeNLP/target/classes:/Users/caseycas/.m2/repository/junit/junit/4.12/junit-4.12.jar:/Users/caseycas/.m2/repository/org/hamcrest/hamcrest-core/1.3/hamcrest-core-1.3.jar:/Users/caseycas/.m2/repository/commons-io/commons-io/1.3.2/commons-io-1.3.2.jar:/Users/caseycas/.m2/repository/org/apache/commons/commons-text/1.3/commons-text-1.3.jar:/Users/caseycas/.m2/repository/org/apache/commons/commons-lang3/3.7/commons-lang3-3.7.jar:/Users/caseycas/.m2/repository/org/apache/commons/commons-csv/1.5/commons-csv-1.5.jar:/Users/caseycas/.m2/repository/SLP/SLP_Core/0.3/SLP_Core-0.3.jar:/Users/caseycas/.m2/repository/org/eclipse/jdt/org.eclipse.jdt.core/3.13.102/org.eclipse.jdt.core-3.13.102.jar:/Users/caseycas/.m2/repository/org/eclipse/platform/org.eclipse.core.resources/3.12.0/org.eclipse.core.resources-3.12.0.jar:/Users/caseycas/.m2/repository/org/eclipse/platform/org.eclipse.core.expressions/3.6.0/org.eclipse.core.expressions-3.6.0.jar:/Users/caseycas/.m2/repository/org/eclipse/platform/org.eclipse.core.runtime/3.13.0/org.eclipse.core.runtime-3.13.0.jar:/Users/caseycas/.m2/repository/org/eclipse/platform/org.eclipse.osgi/3.12.100/org.eclipse.osgi-3.12.100.jar:/Users/caseycas/.m2/repository/org/eclipse/platform/org.eclipse.equinox.common/3.9.0/org.eclipse.equinox.common-3.9.0.jar:/Users/caseycas/.m2/repository/org/eclipse/platform/org.eclipse.core.jobs/3.9.3/org.eclipse.core.jobs-3.9.3.jar:/Users/caseycas/.m2/repository/org/eclipse/platform/org.eclipse.equinox.registry/3.7.0/org.eclipse.equinox.registry-3.7.0.jar:/Users/caseycas/.m2/repository/org/eclipse/platform/org.eclipse.equinox.preferences/3.7.0/org.eclipse.equinox.preferences-3.7.0.jar:/Users/caseycas/.m2/repository/org/eclipse/platform/org.eclipse.core.contenttype/3.6.0/org.eclipse.core.contenttype-3.6.0.jar:/Users/caseycas/.m2/repository/org/eclipse/platform/org.eclipse.equinox.app/1.3.400/org.eclipse.equinox.app-1.3.400.jar:/Users/caseycas/.m2/repository/org/eclipse/platform/org.eclipse.core.filesystem/1.7.0/org.eclipse.core.filesystem-1.7.0.jar:/Users/caseycas/.m2/repository/org/eclipse/platform/org.eclipse.text/3.6.100/org.eclipse.text-3.6.100.jar:/Users/caseycas/.m2/repository/org/eclipse/platform/org.eclipse.core.commands/3.9.0/org.eclipse.core.commands-3.9.0.jar:/Users/caseycas/.m2/repository/org/jboss/marshalling/jboss-marshalling-river/1.4.11.Final/jboss-marshalling-river-1.4.11.Final.jar:/Users/caseycas/.m2/repository/org/jboss/marshalling/jboss-marshalling/1.4.11.Final/jboss-marshalling-1.4.11.Final.jar:/Users/caseycas/.m2/repository/it/unimi/dsi/fastutil/7.2.0/fastutil-7.2.0.jar:"/>
    <property name="sun.cpu.endian" value="little"/>
    <property name="user.home" value="/Users/caseycas"/>
    <property name="user.language" value="en"/>
    <property name="java.specification.vendor" value="Oracle Corporation"/>
    <property name="java.home" value="/Library/Java/JavaVirtualMachines/jdk1.8.0_92.jdk/Contents/Home/jre"/>
    <property name="basedir" value="/Users/caseycas/eclipse-workspace/CodeNLP"/>
    <property name="file.separator" value="/"/>
    <property name="line.separator" value="&#10;"/>
    <property name="java.vm.specification.vendor" value="Oracle Corporation"/>
    <property name="java.specification.name" value="Java Platform API Specification"/>
    <property name="java.awt.graphicsenv" value="sun.awt.CGraphicsEnvironment"/>
    <property name="surefire.real.class.path" value="/Users/caseycas/eclipse-workspace/CodeNLP/target/surefire/surefirebooter443437541666347939.jar"/>
    <property name="sun.boot.class.path" value="/Library/Java/JavaVirtualMachines/jdk1.8.0_92.jdk/Contents/Home/jre/lib/resources.jar:/Library/Java/JavaVirtualMachines/jdk1.8.0_92.jdk/Contents/Home/jre/lib/rt.jar:/Library/Java/JavaVirtualMachines/jdk1.8.0_92.jdk/Contents/Home/jre/lib/sunrsasign.jar:/Library/Java/JavaVirtualMachines/jdk1.8.0_92.jdk/Contents/Home/jre/lib/jsse.jar:/Library/Java/JavaVirtualMachines/jdk1.8.0_92.jdk/Contents/Home/jre/lib/jce.jar:/Library/Java/JavaVirtualMachines/jdk1.8.0_92.jdk/Contents/Home/jre/lib/charsets.jar:/Library/Java/JavaVirtualMachines/jdk1.8.0_92.jdk/Contents/Home/jre/lib/jfr.jar:/Library/Java/JavaVirtualMachines/jdk1.8.0_92.jdk/Contents/Home/jre/classes"/>
    <property name="sun.management.compiler" value="HotSpot 64-Bit Tiered Compilers"/>
    <property name="ftp.nonProxyHosts" value="local|*.local|169.254/16|*.169.254/16"/>
    <property name="java.runtime.version" value="1.8.0_92-b14"/>
    <property name="user.name" value="caseycas"/>
    <property name="path.separator" value=":"/>
    <property name="os.version" value="10.12.6"/>
    <property name="java.endorsed.dirs" value="/Library/Java/JavaVirtualMachines/jdk1.8.0_92.jdk/Contents/Home/jre/lib/endorsed"/>
    <property name="java.runtime.name" value="Java(TM) SE Runtime Environment"/>
    <property name="file.encoding" value="UTF-8"/>
    <property name="java.vm.name" value="Java HotSpot(TM) 64-Bit Server VM"/>
    <property name="localRepository" value="/Users/caseycas/.m2/repository"/>
    <property name="java.vendor.url.bug" value="http://bugreport.sun.com/bugreport/"/>
    <property name="java.io.tmpdir" value="/var/folders/vs/4l2n97p14rx8qvczt3h2xxn00000gn/T/"/>
    <property name="java.version" value="1.8.0_92"/>
    <property name="user.dir" value="/Users/caseycas/eclipse-workspace/CodeNLP"/>
    <property name="os.arch" value="x86_64"/>
    <property name="java.vm.specification.name" value="Java Virtual Machine Specification"/>
    <property name="java.awt.printerjob" value="sun.lwawt.macosx.CPrinterJob"/>
    <property name="sun.os.patch.level" value="unknown"/>
    <property name="java.library.path" value="/Users/caseycas/Library/Java/Extensions:/Library/Java/Extensions:/Network/Library/Java/Extensions:/System/Library/Java/Extensions:/usr/lib/java:."/>
    <property name="java.vm.info" value="mixed mode"/>
    <property name="java.vendor" value="Oracle Corporation"/>
    <property name="java.vm.version" value="25.92-b14"/>
    <property name="java.ext.dirs" value="/Users/caseycas/Library/Java/Extensions:/Library/Java/JavaVirtualMachines/jdk1.8.0_92.jdk/Contents/Home/jre/lib/ext:/Library/Java/Extensions:/Network/Library/Java/Extensions:/System/Library/Java/Extensions:/usr/lib/java"/>
    <property name="sun.io.unicode.encoding" value="UnicodeBig"/>
    <property name="java.class.version" value="52.0"/>
    <property name="socksNonProxyHosts" value="local|*.local|169.254/16|*.169.254/16"/>
  </properties>
  <testcase name="shouldAnswerWithTrue" classname="revisions.codenlp.AppTest" time="0.006"/>
</testsuite>